  [1m[36m (29.8ms)[0m  [1mCREATE TABLE "schema_migrations" ("version" character varying NOT NULL) [0m
  [1m[35m (3.3ms)[0m  CREATE UNIQUE INDEX  "unique_schema_migrations" ON "schema_migrations"  ("version")
  [1m[36mActiveRecord::SchemaMigration Load (0.6ms)[0m  [1mSELECT "schema_migrations".* FROM "schema_migrations"[0m
Migrating to CreateWebsites (20150713044532)
  [1m[35m (0.2ms)[0m  BEGIN
  [1m[36m (7.5ms)[0m  [1mCREATE TABLE "websites" ("id" serial primary key, "name" character varying, "description" character varying, "address" character varying, "sudo_address" character varying, "created_at" timestamp NOT NULL, "updated_at" timestamp NOT NULL) [0m
  [1m[35mSQL (0.5ms)[0m  INSERT INTO "schema_migrations" ("version") VALUES ($1)  [["version", "20150713044532"]]
  [1m[36m (1.4ms)[0m  [1mCOMMIT[0m
  [1m[35mActiveRecord::SchemaMigration Load (0.3ms)[0m  SELECT "schema_migrations".* FROM "schema_migrations"
  [1m[36m (7.0ms)[0m  [1mSELECT t2.oid::regclass::text AS to_table, a1.attname AS column, a2.attname AS primary_key, c.conname AS name, c.confupdtype AS on_update, c.confdeltype AS on_delete
FROM pg_constraint c
JOIN pg_class t1 ON c.conrelid = t1.oid
JOIN pg_class t2 ON c.confrelid = t2.oid
JOIN pg_attribute a1 ON a1.attnum = c.conkey[1] AND a1.attrelid = t1.oid
JOIN pg_attribute a2 ON a2.attnum = c.confkey[1] AND a2.attrelid = t2.oid
JOIN pg_namespace t3 ON c.connamespace = t3.oid
WHERE c.contype = 'f'
  AND t1.relname = 'websites'
  AND t3.nspname = ANY (current_schemas(false))
ORDER BY c.conname
[0m


Started GET "/" for 127.0.0.1 at 2015-07-12 23:45:58 -0500
  [1m[36mActiveRecord::SchemaMigration Load (0.7ms)[0m  [1mSELECT "schema_migrations".* FROM "schema_migrations"[0m
Processing by Rails::WelcomeController#index as HTML
  Rendered /Users/jacqueporter/.rvm/gems/ruby-2.2.1/gems/railties-4.2.1/lib/rails/templates/rails/welcome/index.html.erb (2.3ms)
Completed 200 OK in 29ms (Views: 12.5ms | ActiveRecord: 0.0ms)


Started GET "/websites" for 127.0.0.1 at 2015-07-12 23:46:02 -0500
Processing by WebsitesController#index as HTML
  [1m[35mWebsite Load (0.9ms)[0m  SELECT "websites".* FROM "websites"
  Rendered websites/index.html.erb within layouts/application (5.3ms)
Completed 200 OK in 8510ms (Views: 8504.8ms | ActiveRecord: 2.2ms)


Started GET "/websites" for 127.0.0.1 at 2015-07-12 23:46:11 -0500
Processing by WebsitesController#index as HTML
  [1m[36mWebsite Load (0.4ms)[0m  [1mSELECT "websites".* FROM "websites"[0m
  Rendered websites/index.html.erb within layouts/application (1.7ms)
Completed 200 OK in 248ms (Views: 246.1ms | ActiveRecord: 0.4ms)


Started GET "/assets/bootstrap-generators.self-20b9ce665c3904800eab3796caef0e8f504fd390b3f766f394901f01db6298b7.css?body=1" for 127.0.0.1 at 2015-07-12 23:46:11 -0500


Started GET "/assets/bootstrap/glyphicons-halflings-regular-fe185d11a49676890d47bb783312a0cda5a44c4039214094e7957b4c040ef11c.woff2" for 127.0.0.1 at 2015-07-12 23:46:11 -0500
  [1m[36mActiveRecord::SchemaMigration Load (0.8ms)[0m  [1mSELECT "schema_migrations".* FROM "schema_migrations"[0m
  [1m[35mActiveRecord::SchemaMigration Load (0.3ms)[0m  SELECT "schema_migrations".* FROM "schema_migrations"
  [1m[36m (6.5ms)[0m  [1mSELECT t2.oid::regclass::text AS to_table, a1.attname AS column, a2.attname AS primary_key, c.conname AS name, c.confupdtype AS on_update, c.confdeltype AS on_delete
FROM pg_constraint c
JOIN pg_class t1 ON c.conrelid = t1.oid
JOIN pg_class t2 ON c.confrelid = t2.oid
JOIN pg_attribute a1 ON a1.attnum = c.conkey[1] AND a1.attrelid = t1.oid
JOIN pg_attribute a2 ON a2.attnum = c.confkey[1] AND a2.attrelid = t2.oid
JOIN pg_namespace t3 ON c.connamespace = t3.oid
WHERE c.contype = 'f'
  AND t1.relname = 'websites'
  AND t3.nspname = ANY (current_schemas(false))
ORDER BY c.conname
[0m


Started GET "/" for 127.0.0.1 at 2015-07-13 12:55:28 -0500

PG::ConnectionBad (could not connect to server: No such file or directory
	Is the server running locally and accepting
	connections on Unix domain socket "/tmp/.s.PGSQL.5432"?
):
  activerecord (4.2.1) lib/active_record/connection_adapters/postgresql_adapter.rb:651:in `initialize'
  activerecord (4.2.1) lib/active_record/connection_adapters/postgresql_adapter.rb:651:in `new'
  activerecord (4.2.1) lib/active_record/connection_adapters/postgresql_adapter.rb:651:in `connect'
  activerecord (4.2.1) lib/active_record/connection_adapters/postgresql_adapter.rb:242:in `initialize'
  activerecord (4.2.1) lib/active_record/connection_adapters/postgresql_adapter.rb:44:in `new'
  activerecord (4.2.1) lib/active_record/connection_adapters/postgresql_adapter.rb:44:in `postgresql_connection'
  activerecord (4.2.1) lib/active_record/connection_adapters/abstract/connection_pool.rb:438:in `new_connection'
  activerecord (4.2.1) lib/active_record/connection_adapters/abstract/connection_pool.rb:448:in `checkout_new_connection'
  activerecord (4.2.1) lib/active_record/connection_adapters/abstract/connection_pool.rb:422:in `acquire_connection'
  activerecord (4.2.1) lib/active_record/connection_adapters/abstract/connection_pool.rb:349:in `block in checkout'
  /Users/jacqueporter/.rvm/rubies/ruby-2.2.1/lib/ruby/2.2.0/monitor.rb:211:in `mon_synchronize'
  activerecord (4.2.1) lib/active_record/connection_adapters/abstract/connection_pool.rb:348:in `checkout'
  activerecord (4.2.1) lib/active_record/connection_adapters/abstract/connection_pool.rb:263:in `block in connection'
  /Users/jacqueporter/.rvm/rubies/ruby-2.2.1/lib/ruby/2.2.0/monitor.rb:211:in `mon_synchronize'
  activerecord (4.2.1) lib/active_record/connection_adapters/abstract/connection_pool.rb:262:in `connection'
  activerecord (4.2.1) lib/active_record/connection_adapters/abstract/connection_pool.rb:567:in `retrieve_connection'
  activerecord (4.2.1) lib/active_record/connection_handling.rb:113:in `retrieve_connection'
  activerecord (4.2.1) lib/active_record/connection_handling.rb:87:in `connection'
  activerecord (4.2.1) lib/active_record/migration.rb:384:in `connection'
  activerecord (4.2.1) lib/active_record/migration.rb:371:in `call'
  actionpack (4.2.1) lib/action_dispatch/middleware/callbacks.rb:29:in `block in call'
  activesupport (4.2.1) lib/active_support/callbacks.rb:88:in `call'
  activesupport (4.2.1) lib/active_support/callbacks.rb:88:in `_run_callbacks'
  activesupport (4.2.1) lib/active_support/callbacks.rb:776:in `_run_call_callbacks'
  activesupport (4.2.1) lib/active_support/callbacks.rb:81:in `run_callbacks'
  actionpack (4.2.1) lib/action_dispatch/middleware/callbacks.rb:27:in `call'
  actionpack (4.2.1) lib/action_dispatch/middleware/reloader.rb:73:in `call'
  actionpack (4.2.1) lib/action_dispatch/middleware/remote_ip.rb:78:in `call'
  actionpack (4.2.1) lib/action_dispatch/middleware/debug_exceptions.rb:17:in `call'
  web-console (2.2.1) lib/web_console/middleware.rb:39:in `call'
  actionpack (4.2.1) lib/action_dispatch/middleware/show_exceptions.rb:30:in `call'
  railties (4.2.1) lib/rails/rack/logger.rb:38:in `call_app'
  railties (4.2.1) lib/rails/rack/logger.rb:20:in `block in call'
  activesupport (4.2.1) lib/active_support/tagged_logging.rb:68:in `block in tagged'
  activesupport (4.2.1) lib/active_support/tagged_logging.rb:26:in `tagged'
  activesupport (4.2.1) lib/active_support/tagged_logging.rb:68:in `tagged'
  railties (4.2.1) lib/rails/rack/logger.rb:20:in `call'
  actionpack (4.2.1) lib/action_dispatch/middleware/request_id.rb:21:in `call'
  rack (1.6.4) lib/rack/methodoverride.rb:22:in `call'
  rack (1.6.4) lib/rack/runtime.rb:18:in `call'
  activesupport (4.2.1) lib/active_support/cache/strategy/local_cache_middleware.rb:28:in `call'
  rack (1.6.4) lib/rack/lock.rb:17:in `call'
  actionpack (4.2.1) lib/action_dispatch/middleware/static.rb:113:in `call'
  rack (1.6.4) lib/rack/sendfile.rb:113:in `call'
  railties (4.2.1) lib/rails/engine.rb:518:in `call'
  railties (4.2.1) lib/rails/application.rb:164:in `call'
  rack (1.6.4) lib/rack/content_length.rb:15:in `call'
  thin (1.6.3) lib/thin/connection.rb:86:in `block in pre_process'
  thin (1.6.3) lib/thin/connection.rb:84:in `catch'
  thin (1.6.3) lib/thin/connection.rb:84:in `pre_process'
  thin (1.6.3) lib/thin/connection.rb:53:in `process'
  thin (1.6.3) lib/thin/connection.rb:39:in `receive_data'
  eventmachine (1.0.7) lib/eventmachine.rb:187:in `run_machine'
  eventmachine (1.0.7) lib/eventmachine.rb:187:in `run'
  thin (1.6.3) lib/thin/backends/base.rb:73:in `start'
  thin (1.6.3) lib/thin/server.rb:162:in `start'
  rack (1.6.4) lib/rack/handler/thin.rb:19:in `run'
  rack (1.6.4) lib/rack/server.rb:286:in `start'
  railties (4.2.1) lib/rails/commands/server.rb:80:in `start'
  railties (4.2.1) lib/rails/commands/commands_tasks.rb:80:in `block in server'
  railties (4.2.1) lib/rails/commands/commands_tasks.rb:75:in `tap'
  railties (4.2.1) lib/rails/commands/commands_tasks.rb:75:in `server'
  railties (4.2.1) lib/rails/commands/commands_tasks.rb:39:in `run_command!'
  railties (4.2.1) lib/rails/commands.rb:17:in `<top (required)>'
  bin/rails:8:in `require'
  bin/rails:8:in `<top (required)>'
  spring (1.3.6) lib/spring/client/rails.rb:28:in `load'
  spring (1.3.6) lib/spring/client/rails.rb:28:in `call'
  spring (1.3.6) lib/spring/client/command.rb:7:in `call'
  spring (1.3.6) lib/spring/client.rb:26:in `run'
  spring (1.3.6) bin/spring:48:in `<top (required)>'
  spring (1.3.6) lib/spring/binstub.rb:11:in `load'
  spring (1.3.6) lib/spring/binstub.rb:11:in `<top (required)>'
  bin/spring:13:in `require'
  bin/spring:13:in `<top (required)>'
  bin/rails:3:in `load'
  bin/rails:3:in `<main>'


  Rendered /Users/jacqueporter/.rvm/gems/ruby-2.2.1/gems/actionpack-4.2.1/lib/action_dispatch/middleware/templates/rescues/_source.erb (8.5ms)
  Rendered /Users/jacqueporter/.rvm/gems/ruby-2.2.1/gems/actionpack-4.2.1/lib/action_dispatch/middleware/templates/rescues/_trace.html.erb (3.8ms)
  Rendered /Users/jacqueporter/.rvm/gems/ruby-2.2.1/gems/actionpack-4.2.1/lib/action_dispatch/middleware/templates/rescues/_request_and_response.html.erb (1.4ms)
  Rendered /Users/jacqueporter/.rvm/gems/ruby-2.2.1/gems/actionpack-4.2.1/lib/action_dispatch/middleware/templates/rescues/diagnostics.html.erb within rescues/layout (111.4ms)
  Rendered /Users/jacqueporter/.rvm/gems/ruby-2.2.1/gems/web-console-2.2.1/lib/web_console/templates/_markup.html.erb (0.5ms)
  Rendered /Users/jacqueporter/.rvm/gems/ruby-2.2.1/gems/web-console-2.2.1/lib/web_console/templates/_inner_console_markup.html.erb within layouts/inlined_string (0.5ms)
  Rendered /Users/jacqueporter/.rvm/gems/ruby-2.2.1/gems/web-console-2.2.1/lib/web_console/templates/_prompt_box_markup.html.erb within layouts/inlined_string (0.4ms)
  Rendered /Users/jacqueporter/.rvm/gems/ruby-2.2.1/gems/web-console-2.2.1/lib/web_console/templates/style.css.erb within layouts/inlined_string (0.5ms)
  Rendered /Users/jacqueporter/.rvm/gems/ruby-2.2.1/gems/web-console-2.2.1/lib/web_console/templates/console.js.erb within layouts/javascript (83.6ms)
  Rendered /Users/jacqueporter/.rvm/gems/ruby-2.2.1/gems/web-console-2.2.1/lib/web_console/templates/main.js.erb within layouts/javascript (0.5ms)
  Rendered /Users/jacqueporter/.rvm/gems/ruby-2.2.1/gems/web-console-2.2.1/lib/web_console/templates/error_page.js.erb within layouts/javascript (0.6ms)
  Rendered /Users/jacqueporter/.rvm/gems/ruby-2.2.1/gems/web-console-2.2.1/lib/web_console/templates/index.html.erb (190.3ms)


Started GET "/" for 127.0.0.1 at 2015-07-13 12:55:47 -0500
  [1m[36mActiveRecord::SchemaMigration Load (39.3ms)[0m  [1mSELECT "schema_migrations".* FROM "schema_migrations"[0m
Processing by Rails::WelcomeController#index as HTML
  Rendered /Users/jacqueporter/.rvm/gems/ruby-2.2.1/gems/railties-4.2.1/lib/rails/templates/rails/welcome/index.html.erb (1.9ms)
Completed 200 OK in 36ms (Views: 12.3ms | ActiveRecord: 0.0ms)


Started GET "/websites" for 127.0.0.1 at 2015-07-13 12:55:55 -0500
Processing by WebsitesController#index as HTML
  [1m[35mWebsite Load (29.2ms)[0m  SELECT "websites".* FROM "websites"
  Rendered websites/index.html.erb within layouts/application (35.6ms)
Completed 200 OK in 989ms (Views: 953.1ms | ActiveRecord: 31.6ms)


Started GET "/websites" for 127.0.0.1 at 2015-07-13 12:55:56 -0500
Processing by WebsitesController#index as HTML
  [1m[36mWebsite Load (0.5ms)[0m  [1mSELECT "websites".* FROM "websites"[0m
  Rendered websites/index.html.erb within layouts/application (1.7ms)
Completed 200 OK in 320ms (Views: 318.9ms | ActiveRecord: 0.5ms)


Started GET "/assets/bootstrap-generators.self-20b9ce665c3904800eab3796caef0e8f504fd390b3f766f394901f01db6298b7.css?body=1" for 127.0.0.1 at 2015-07-13 12:55:57 -0500


Started GET "/assets/bootstrap/glyphicons-halflings-regular-fe185d11a49676890d47bb783312a0cda5a44c4039214094e7957b4c040ef11c.woff2" for 127.0.0.1 at 2015-07-13 12:55:57 -0500


Started GET "/websites/new" for 127.0.0.1 at 2015-07-13 12:56:15 -0500
Processing by WebsitesController#new as HTML
  Rendered websites/_form.html.erb (166.4ms)
  Rendered websites/new.html.erb within layouts/application (171.9ms)
Completed 200 OK in 485ms (Views: 382.3ms | ActiveRecord: 92.0ms)


Started POST "/websites" for 127.0.0.1 at 2015-07-13 12:56:40 -0500
Processing by WebsitesController#create as HTML
  Parameters: {"utf8"=>"✓", "authenticity_token"=>"iuE/R0uTvbqhFte0kZHQRGDUqugC4k9tqTlsVrPjh0n/pOiBqd5/S8Xbr5y1walSc4rniBc9tFE6sWFnlpYsoQ==", "website"=>{"name"=>"Honey", "description"=>"Interactive music video", "address"=>"http://hhhoneyyy.net/", "sudo_address"=>"Honey.net"}, "commit"=>"Create Website"}
  [1m[35m (0.3ms)[0m  BEGIN
  [1m[36mSQL (39.5ms)[0m  [1mINSERT INTO "websites" ("name", "description", "address", "sudo_address", "created_at", "updated_at") VALUES ($1, $2, $3, $4, $5, $6) RETURNING "id"[0m  [["name", "Honey"], ["description", "Interactive music video"], ["address", "http://hhhoneyyy.net/"], ["sudo_address", "Honey.net"], ["created_at", "2015-07-13 17:56:40.543197"], ["updated_at", "2015-07-13 17:56:40.543197"]]
  [1m[35m (77.0ms)[0m  COMMIT
Redirected to http://localhost:3000/websites/1
Completed 302 Found in 186ms (ActiveRecord: 117.1ms)


Started GET "/websites/1" for 127.0.0.1 at 2015-07-13 12:56:40 -0500
Processing by WebsitesController#show as HTML
  Parameters: {"id"=>"1"}
  [1m[36mWebsite Load (0.5ms)[0m  [1mSELECT  "websites".* FROM "websites" WHERE "websites"."id" = $1 LIMIT 1[0m  [["id", 1]]
  Rendered websites/show.html.erb within layouts/application (1.5ms)
Completed 200 OK in 338ms (Views: 238.4ms | ActiveRecord: 0.5ms)
  [1m[36mActiveRecord::SchemaMigration Load (1.0ms)[0m  [1mSELECT "schema_migrations".* FROM "schema_migrations"[0m
Migrating to AddAttachmentImageToWebsites (20150713180406)
  [1m[35m (0.2ms)[0m  BEGIN
  [1m[36m (231.9ms)[0m  [1mALTER TABLE "websites" ADD "image_file_name" character varying[0m
  [1m[35m (17.6ms)[0m  ALTER TABLE "websites" ADD "image_content_type" character varying
  [1m[36m (0.4ms)[0m  [1mALTER TABLE "websites" ADD "image_file_size" integer[0m
  [1m[35m (0.3ms)[0m  ALTER TABLE "websites" ADD "image_updated_at" timestamp
  [1m[36mSQL (68.2ms)[0m  [1mINSERT INTO "schema_migrations" ("version") VALUES ($1)[0m  [["version", "20150713180406"]]
  [1m[35m (20.3ms)[0m  COMMIT
  [1m[36mActiveRecord::SchemaMigration Load (0.4ms)[0m  [1mSELECT "schema_migrations".* FROM "schema_migrations"[0m
  [1m[35m (10.0ms)[0m  SELECT t2.oid::regclass::text AS to_table, a1.attname AS column, a2.attname AS primary_key, c.conname AS name, c.confupdtype AS on_update, c.confdeltype AS on_delete
FROM pg_constraint c
JOIN pg_class t1 ON c.conrelid = t1.oid
JOIN pg_class t2 ON c.confrelid = t2.oid
JOIN pg_attribute a1 ON a1.attnum = c.conkey[1] AND a1.attrelid = t1.oid
JOIN pg_attribute a2 ON a2.attnum = c.confkey[1] AND a2.attrelid = t2.oid
JOIN pg_namespace t3 ON c.connamespace = t3.oid
WHERE c.contype = 'f'
  AND t1.relname = 'websites'
  AND t3.nspname = ANY (current_schemas(false))
ORDER BY c.conname



Started GET "/" for 127.0.0.1 at 2015-07-13 13:19:27 -0500
  [1m[36mActiveRecord::SchemaMigration Load (0.9ms)[0m  [1mSELECT "schema_migrations".* FROM "schema_migrations"[0m
Processing by Rails::WelcomeController#index as HTML
  Rendered /Users/jacqueporter/.rvm/gems/ruby-2.2.1/gems/railties-4.2.1/lib/rails/templates/rails/welcome/index.html.erb (3.8ms)
Completed 200 OK in 53ms (Views: 34.0ms | ActiveRecord: 0.0ms)


Started GET "/websites" for 127.0.0.1 at 2015-07-13 13:19:47 -0500
Processing by WebsitesController#index as HTML
  [1m[35mWebsite Load (0.9ms)[0m  SELECT "websites".* FROM "websites"
  Rendered websites/index.html.erb within layouts/application (20.3ms)
Completed 200 OK in 1275ms (Views: 1263.3ms | ActiveRecord: 6.0ms)


Started GET "/websites/1" for 127.0.0.1 at 2015-07-13 13:19:50 -0500
Processing by WebsitesController#show as HTML
  Parameters: {"id"=>"1"}
  [1m[36mWebsite Load (0.7ms)[0m  [1mSELECT  "websites".* FROM "websites" WHERE "websites"."id" = $1 LIMIT 1[0m  [["id", 1]]
  Rendered websites/show.html.erb within layouts/application (49.6ms)
Completed 200 OK in 518ms (Views: 445.2ms | ActiveRecord: 1.0ms)


Started GET "/assets/defilt-0d4483071afcd430f2734dda3cf42d31eb7a013fa3c384af0420c236b9a2cc3d.png" for 127.0.0.1 at 2015-07-13 13:19:51 -0500


Started GET "/websites/1/edit" for 127.0.0.1 at 2015-07-13 13:22:09 -0500
Processing by WebsitesController#edit as HTML
  Parameters: {"id"=>"1"}
  [1m[35mWebsite Load (0.6ms)[0m  SELECT  "websites".* FROM "websites" WHERE "websites"."id" = $1 LIMIT 1  [["id", 1]]
  Rendered websites/_form.html.erb (287.4ms)
  Rendered websites/edit.html.erb within layouts/application (341.9ms)
Completed 200 OK in 830ms (Views: 828.1ms | ActiveRecord: 0.6ms)


Started PATCH "/websites/1" for 127.0.0.1 at 2015-07-13 13:22:59 -0500
Processing by WebsitesController#update as HTML
  Parameters: {"utf8"=>"✓", "authenticity_token"=>"dob4RVVz5F4FJTaXHLu9yD6UzIdk0HnkiRO4uzX3wUUDwy+Dtz4mr2HoTr8468TeLcqB53EPgtgam7WKEIJqrQ==", "website"=>{"name"=>"Honey", "description"=>"Interactive music video", "address"=>"http://hhhoneyyy.net/", "sudo_address"=>"Honey.net", "image"=>#<ActionDispatch::Http::UploadedFile:0x007ff809669730 @tempfile=#<Tempfile:/var/folders/2g/gqlh9gt14wq86vkrrrnd1j6w0000gn/T/RackMultipart20150713-2086-1hqh0bs.png>, @original_filename="honey.png", @content_type="image/png", @headers="Content-Disposition: form-data; name=\"website[image]\"; filename=\"honey.png\"\r\nContent-Type: image/png\r\n">}, "commit"=>"Update Website", "id"=>"1"}
  [1m[36mWebsite Load (0.6ms)[0m  [1mSELECT  "websites".* FROM "websites" WHERE "websites"."id" = $1 LIMIT 1[0m  [["id", 1]]
  [1m[35m (0.2ms)[0m  BEGIN
Command :: file -b --mime '/var/folders/2g/gqlh9gt14wq86vkrrrnd1j6w0000gn/T/b60eb83bf533eecf1bde65940925a98120150713-2086-r8j1mg.png'
Command :: identify -format '%wx%h,%[exif:orientation]' '/var/folders/2g/gqlh9gt14wq86vkrrrnd1j6w0000gn/T/b60eb83bf533eecf1bde65940925a98120150713-2086-95swxw.png[0]' 2>/dev/null
Command :: identify -format %m '/var/folders/2g/gqlh9gt14wq86vkrrrnd1j6w0000gn/T/b60eb83bf533eecf1bde65940925a98120150713-2086-95swxw.png[0]'
Command :: convert '/var/folders/2g/gqlh9gt14wq86vkrrrnd1j6w0000gn/T/b60eb83bf533eecf1bde65940925a98120150713-2086-95swxw.png[0]' -auto-orient -resize "300x300>" '/var/folders/2g/gqlh9gt14wq86vkrrrnd1j6w0000gn/T/b60eb83bf533eecf1bde65940925a98120150713-2086-95swxw20150713-2086-1w86to3'
Command :: file -b --mime '/var/folders/2g/gqlh9gt14wq86vkrrrnd1j6w0000gn/T/b60eb83bf533eecf1bde65940925a98120150713-2086-95swxw20150713-2086-1w86to3'
Command :: identify -format '%wx%h,%[exif:orientation]' '/var/folders/2g/gqlh9gt14wq86vkrrrnd1j6w0000gn/T/b60eb83bf533eecf1bde65940925a98120150713-2086-95swxw.png[0]' 2>/dev/null
Command :: identify -format %m '/var/folders/2g/gqlh9gt14wq86vkrrrnd1j6w0000gn/T/b60eb83bf533eecf1bde65940925a98120150713-2086-95swxw.png[0]'
Command :: convert '/var/folders/2g/gqlh9gt14wq86vkrrrnd1j6w0000gn/T/b60eb83bf533eecf1bde65940925a98120150713-2086-95swxw.png[0]' -auto-orient -resize "100x100>" '/var/folders/2g/gqlh9gt14wq86vkrrrnd1j6w0000gn/T/b60eb83bf533eecf1bde65940925a98120150713-2086-95swxw20150713-2086-1gv2jeh'
Command :: file -b --mime '/var/folders/2g/gqlh9gt14wq86vkrrrnd1j6w0000gn/T/b60eb83bf533eecf1bde65940925a98120150713-2086-95swxw20150713-2086-1gv2jeh'
Command :: file -b --mime '/var/folders/2g/gqlh9gt14wq86vkrrrnd1j6w0000gn/T/b60eb83bf533eecf1bde65940925a98120150713-2086-1ueq55b.png'
  [1m[36mSQL (0.7ms)[0m  [1mUPDATE "websites" SET "image_file_name" = $1, "image_content_type" = $2, "image_file_size" = $3, "image_updated_at" = $4, "updated_at" = $5 WHERE "websites"."id" = $6[0m  [["image_file_name", "honey.png"], ["image_content_type", "image/png"], ["image_file_size", 132023], ["image_updated_at", "2015-07-13 18:22:59.778005"], ["updated_at", "2015-07-13 18:23:02.789226"], ["id", 1]]
  [1m[35m (22.1ms)[0m  COMMIT
Redirected to http://localhost:3000/websites/1
Completed 302 Found in 3090ms (ActiveRecord: 23.6ms)


Started GET "/websites/1" for 127.0.0.1 at 2015-07-13 13:23:02 -0500
Processing by WebsitesController#show as HTML
  Parameters: {"id"=>"1"}
  [1m[36mWebsite Load (0.5ms)[0m  [1mSELECT  "websites".* FROM "websites" WHERE "websites"."id" = $1 LIMIT 1[0m  [["id", 1]]
  Rendered websites/show.html.erb within layouts/application (4.5ms)
Completed 200 OK in 391ms (Views: 388.1ms | ActiveRecord: 0.5ms)


Started GET "/websites" for 127.0.0.1 at 2015-07-13 13:23:20 -0500
Processing by WebsitesController#index as HTML
  [1m[35mWebsite Load (0.5ms)[0m  SELECT "websites".* FROM "websites"
  Rendered websites/index.html.erb within layouts/application (3.3ms)
Completed 200 OK in 213ms (Views: 211.9ms | ActiveRecord: 0.5ms)


Started GET "/websites" for 127.0.0.1 at 2015-07-13 13:24:34 -0500
Processing by WebsitesController#index as HTML
  [1m[36mWebsite Load (0.5ms)[0m  [1mSELECT "websites".* FROM "websites"[0m
  Rendered websites/index.html.erb within layouts/application (4.8ms)
Completed 200 OK in 208ms (Views: 206.3ms | ActiveRecord: 0.5ms)


Started GET "/websites" for 127.0.0.1 at 2015-07-13 13:25:19 -0500
Processing by WebsitesController#index as HTML
  [1m[35mWebsite Load (0.5ms)[0m  SELECT "websites".* FROM "websites"
  Rendered websites/index.html.erb within layouts/application (22.7ms)
Completed 500 Internal Server Error in 31ms (ActiveRecord: 0.5ms)

ActionView::Template::Error (undefined method `image' for nil:NilClass):
    26:             <td><%= website.description %></td>
    27:             <td><%= website.address %></td>
    28:             <td><%= website.sudo_address %></td>
    29:             <td><%= image_tag @website.image.url(:thumb) %></td>
    30:             <td><%= link_to 'Show', website %></td>
    31:         <td><%= link_to 'Edit', edit_website_path(website) %></td>
    32:         <td><%= link_to 'Destroy', website, method: :delete, data: { confirm: 'Are you sure?' } %></td>
  app/views/websites/index.html.erb:29:in `block in _app_views_websites_index_html_erb___1640790609847458375_70351625800040'
  app/views/websites/index.html.erb:24:in `_app_views_websites_index_html_erb___1640790609847458375_70351625800040'


  Rendered /Users/jacqueporter/.rvm/gems/ruby-2.2.1/gems/actionpack-4.2.1/lib/action_dispatch/middleware/templates/rescues/_source.erb (15.2ms)
  Rendered /Users/jacqueporter/.rvm/gems/ruby-2.2.1/gems/actionpack-4.2.1/lib/action_dispatch/middleware/templates/rescues/_trace.html.erb (6.1ms)
  Rendered /Users/jacqueporter/.rvm/gems/ruby-2.2.1/gems/actionpack-4.2.1/lib/action_dispatch/middleware/templates/rescues/_request_and_response.html.erb (2.0ms)
  Rendered /Users/jacqueporter/.rvm/gems/ruby-2.2.1/gems/actionpack-4.2.1/lib/action_dispatch/middleware/templates/rescues/template_error.html.erb within rescues/layout (117.0ms)
  Rendered /Users/jacqueporter/.rvm/gems/ruby-2.2.1/gems/web-console-2.2.1/lib/web_console/templates/_markup.html.erb (0.5ms)
  Rendered /Users/jacqueporter/.rvm/gems/ruby-2.2.1/gems/web-console-2.2.1/lib/web_console/templates/_inner_console_markup.html.erb within layouts/inlined_string (0.5ms)
  Rendered /Users/jacqueporter/.rvm/gems/ruby-2.2.1/gems/web-console-2.2.1/lib/web_console/templates/_prompt_box_markup.html.erb within layouts/inlined_string (0.5ms)
  Rendered /Users/jacqueporter/.rvm/gems/ruby-2.2.1/gems/web-console-2.2.1/lib/web_console/templates/style.css.erb within layouts/inlined_string (0.5ms)
  Rendered /Users/jacqueporter/.rvm/gems/ruby-2.2.1/gems/web-console-2.2.1/lib/web_console/templates/console.js.erb within layouts/javascript (89.2ms)
  Rendered /Users/jacqueporter/.rvm/gems/ruby-2.2.1/gems/web-console-2.2.1/lib/web_console/templates/main.js.erb within layouts/javascript (0.4ms)
  Rendered /Users/jacqueporter/.rvm/gems/ruby-2.2.1/gems/web-console-2.2.1/lib/web_console/templates/error_page.js.erb within layouts/javascript (0.6ms)
  Rendered /Users/jacqueporter/.rvm/gems/ruby-2.2.1/gems/web-console-2.2.1/lib/web_console/templates/index.html.erb (194.0ms)


Started GET "/websites" for 127.0.0.1 at 2015-07-13 13:25:51 -0500
Processing by WebsitesController#index as HTML
  [1m[36mWebsite Load (0.5ms)[0m  [1mSELECT "websites".* FROM "websites"[0m
  Rendered websites/index.html.erb within layouts/application (6.9ms)
Completed 500 Internal Server Error in 16ms (ActiveRecord: 0.5ms)

ActionView::Template::Error (undefined method `image' for nil:NilClass):
    26:             <td><%= website.description %></td>
    27:             <td><%= website.address %></td>
    28:             <td><%= website.sudo_address %></td>
    29:             <td><%= image_tag @website.image.url(:medium) %></td>
    30:             <td><%= link_to 'Show', website %></td>
    31:         <td><%= link_to 'Edit', edit_website_path(website) %></td>
    32:         <td><%= link_to 'Destroy', website, method: :delete, data: { confirm: 'Are you sure?' } %></td>
  app/views/websites/index.html.erb:29:in `block in _app_views_websites_index_html_erb___1640790609847458375_70351627176900'
  app/views/websites/index.html.erb:24:in `_app_views_websites_index_html_erb___1640790609847458375_70351627176900'


  Rendered /Users/jacqueporter/.rvm/gems/ruby-2.2.1/gems/actionpack-4.2.1/lib/action_dispatch/middleware/templates/rescues/_source.erb (16.4ms)
  Rendered /Users/jacqueporter/.rvm/gems/ruby-2.2.1/gems/actionpack-4.2.1/lib/action_dispatch/middleware/templates/rescues/_trace.html.erb (5.4ms)
  Rendered /Users/jacqueporter/.rvm/gems/ruby-2.2.1/gems/actionpack-4.2.1/lib/action_dispatch/middleware/templates/rescues/_request_and_response.html.erb (1.4ms)
  Rendered /Users/jacqueporter/.rvm/gems/ruby-2.2.1/gems/actionpack-4.2.1/lib/action_dispatch/middleware/templates/rescues/template_error.html.erb within rescues/layout (108.7ms)
  Rendered /Users/jacqueporter/.rvm/gems/ruby-2.2.1/gems/web-console-2.2.1/lib/web_console/templates/_markup.html.erb (0.6ms)
  Rendered /Users/jacqueporter/.rvm/gems/ruby-2.2.1/gems/web-console-2.2.1/lib/web_console/templates/_inner_console_markup.html.erb within layouts/inlined_string (0.6ms)
  Rendered /Users/jacqueporter/.rvm/gems/ruby-2.2.1/gems/web-console-2.2.1/lib/web_console/templates/_prompt_box_markup.html.erb within layouts/inlined_string (0.5ms)
  Rendered /Users/jacqueporter/.rvm/gems/ruby-2.2.1/gems/web-console-2.2.1/lib/web_console/templates/style.css.erb within layouts/inlined_string (0.5ms)
  Rendered /Users/jacqueporter/.rvm/gems/ruby-2.2.1/gems/web-console-2.2.1/lib/web_console/templates/console.js.erb within layouts/javascript (75.9ms)
  Rendered /Users/jacqueporter/.rvm/gems/ruby-2.2.1/gems/web-console-2.2.1/lib/web_console/templates/main.js.erb within layouts/javascript (0.4ms)
  Rendered /Users/jacqueporter/.rvm/gems/ruby-2.2.1/gems/web-console-2.2.1/lib/web_console/templates/error_page.js.erb within layouts/javascript (0.7ms)
  Rendered /Users/jacqueporter/.rvm/gems/ruby-2.2.1/gems/web-console-2.2.1/lib/web_console/templates/index.html.erb (170.2ms)


Started GET "/websites" for 127.0.0.1 at 2015-07-13 13:26:39 -0500
Processing by WebsitesController#index as HTML
  [1m[35mWebsite Load (0.5ms)[0m  SELECT "websites".* FROM "websites"
  Rendered websites/index.html.erb within layouts/application (3.5ms)
Completed 200 OK in 249ms (Views: 247.7ms | ActiveRecord: 0.5ms)


Started GET "/websites/new" for 127.0.0.1 at 2015-07-13 13:27:16 -0500
Processing by WebsitesController#new as HTML
  Rendered websites/_form.html.erb (5.9ms)
  Rendered websites/new.html.erb within layouts/application (25.8ms)
Completed 200 OK in 252ms (Views: 250.6ms | ActiveRecord: 0.0ms)


Started POST "/websites" for 127.0.0.1 at 2015-07-13 13:28:12 -0500
Processing by WebsitesController#create as HTML
  Parameters: {"utf8"=>"✓", "authenticity_token"=>"kYSd82LmypS9QOxmtd3MyN8t77UnOGiA+tIrF7PelJrkwUo1gKsIZdmNlE6RjbXezHOi1TLnk7xpWiYmlqs/cg==", "website"=>{"name"=>"Bees Bees Bees", "description"=>"Lorem Ipsum", "address"=>"http://BeesBeesBees.com", "sudo_address"=>"BeesBeesBees.com", "image"=>#<ActionDispatch::Http::UploadedFile:0x007ff8095b2f08 @tempfile=#<Tempfile:/var/folders/2g/gqlh9gt14wq86vkrrrnd1j6w0000gn/T/RackMultipart20150713-2086-1eynht9.png>, @original_filename="BeesBeesBees.png", @content_type="image/png", @headers="Content-Disposition: form-data; name=\"website[image]\"; filename=\"BeesBeesBees.png\"\r\nContent-Type: image/png\r\n">}, "commit"=>"Create Website"}
Command :: file -b --mime '/var/folders/2g/gqlh9gt14wq86vkrrrnd1j6w0000gn/T/7ba3b573e8d68c7814c960543d263cea20150713-2086-vznpf.png'
Command :: identify -format '%wx%h,%[exif:orientation]' '/var/folders/2g/gqlh9gt14wq86vkrrrnd1j6w0000gn/T/7ba3b573e8d68c7814c960543d263cea20150713-2086-vd9t7y.png[0]' 2>/dev/null
Command :: identify -format %m '/var/folders/2g/gqlh9gt14wq86vkrrrnd1j6w0000gn/T/7ba3b573e8d68c7814c960543d263cea20150713-2086-vd9t7y.png[0]'
Command :: convert '/var/folders/2g/gqlh9gt14wq86vkrrrnd1j6w0000gn/T/7ba3b573e8d68c7814c960543d263cea20150713-2086-vd9t7y.png[0]' -auto-orient -resize "300x300>" '/var/folders/2g/gqlh9gt14wq86vkrrrnd1j6w0000gn/T/7ba3b573e8d68c7814c960543d263cea20150713-2086-vd9t7y20150713-2086-vkpomh'
Command :: file -b --mime '/var/folders/2g/gqlh9gt14wq86vkrrrnd1j6w0000gn/T/7ba3b573e8d68c7814c960543d263cea20150713-2086-vd9t7y20150713-2086-vkpomh'
Command :: identify -format '%wx%h,%[exif:orientation]' '/var/folders/2g/gqlh9gt14wq86vkrrrnd1j6w0000gn/T/7ba3b573e8d68c7814c960543d263cea20150713-2086-vd9t7y.png[0]' 2>/dev/null
Command :: identify -format %m '/var/folders/2g/gqlh9gt14wq86vkrrrnd1j6w0000gn/T/7ba3b573e8d68c7814c960543d263cea20150713-2086-vd9t7y.png[0]'
Command :: convert '/var/folders/2g/gqlh9gt14wq86vkrrrnd1j6w0000gn/T/7ba3b573e8d68c7814c960543d263cea20150713-2086-vd9t7y.png[0]' -auto-orient -resize "100x100>" '/var/folders/2g/gqlh9gt14wq86vkrrrnd1j6w0000gn/T/7ba3b573e8d68c7814c960543d263cea20150713-2086-vd9t7y20150713-2086-2mq9p4'
Command :: file -b --mime '/var/folders/2g/gqlh9gt14wq86vkrrrnd1j6w0000gn/T/7ba3b573e8d68c7814c960543d263cea20150713-2086-vd9t7y20150713-2086-2mq9p4'
  [1m[36m (0.3ms)[0m  [1mBEGIN[0m
Command :: file -b --mime '/var/folders/2g/gqlh9gt14wq86vkrrrnd1j6w0000gn/T/7ba3b573e8d68c7814c960543d263cea20150713-2086-x0lci6.png'
  [1m[35mSQL (0.6ms)[0m  INSERT INTO "websites" ("name", "description", "address", "sudo_address", "image_file_name", "image_content_type", "image_file_size", "image_updated_at", "created_at", "updated_at") VALUES ($1, $2, $3, $4, $5, $6, $7, $8, $9, $10) RETURNING "id"  [["name", "Bees Bees Bees"], ["description", "Lorem Ipsum"], ["address", "http://BeesBeesBees.com"], ["sudo_address", "BeesBeesBees.com"], ["image_file_name", "BeesBeesBees.png"], ["image_content_type", "image/png"], ["image_file_size", 480001], ["image_updated_at", "2015-07-13 18:28:12.234347"], ["created_at", "2015-07-13 18:28:12.844017"], ["updated_at", "2015-07-13 18:28:12.844017"]]
  [1m[36m (6.5ms)[0m  [1mCOMMIT[0m
Redirected to http://localhost:3000/websites/2
Completed 302 Found in 666ms (ActiveRecord: 7.4ms)


Started GET "/websites/2" for 127.0.0.1 at 2015-07-13 13:28:12 -0500
Processing by WebsitesController#show as HTML
  Parameters: {"id"=>"2"}
  [1m[35mWebsite Load (0.8ms)[0m  SELECT  "websites".* FROM "websites" WHERE "websites"."id" = $1 LIMIT 1  [["id", 2]]
  Rendered websites/show.html.erb within layouts/application (2.1ms)
Completed 200 OK in 238ms (Views: 235.3ms | ActiveRecord: 0.8ms)


Started GET "/websites/2" for 127.0.0.1 at 2015-07-13 13:29:53 -0500
Processing by WebsitesController#show as HTML
  Parameters: {"id"=>"2"}
  [1m[36mWebsite Load (0.5ms)[0m  [1mSELECT  "websites".* FROM "websites" WHERE "websites"."id" = $1 LIMIT 1[0m  [["id", 2]]
  Rendered websites/show.html.erb within layouts/application (2.1ms)
Completed 200 OK in 222ms (Views: 220.5ms | ActiveRecord: 0.5ms)


Started GET "/websites/2" for 127.0.0.1 at 2015-07-13 13:30:05 -0500
Processing by WebsitesController#show as HTML
  Parameters: {"id"=>"2"}
  [1m[35mWebsite Load (2.2ms)[0m  SELECT  "websites".* FROM "websites" WHERE "websites"."id" = $1 LIMIT 1  [["id", 2]]
  Rendered websites/show.html.erb within layouts/application (1.9ms)
Completed 200 OK in 218ms (Views: 210.6ms | ActiveRecord: 2.2ms)


Started GET "/websites/2" for 127.0.0.1 at 2015-07-13 13:31:46 -0500
Processing by WebsitesController#show as HTML
  Parameters: {"id"=>"2"}
  [1m[36mWebsite Load (0.3ms)[0m  [1mSELECT  "websites".* FROM "websites" WHERE "websites"."id" = $1 LIMIT 1[0m  [["id", 2]]
  Rendered websites/show.html.erb within layouts/application (2.2ms)
Completed 200 OK in 197ms (Views: 195.6ms | ActiveRecord: 0.3ms)


Started GET "/websites/2" for 127.0.0.1 at 2015-07-13 13:32:36 -0500
Processing by WebsitesController#show as HTML
  Parameters: {"id"=>"2"}
  [1m[35mWebsite Load (0.3ms)[0m  SELECT  "websites".* FROM "websites" WHERE "websites"."id" = $1 LIMIT 1  [["id", 2]]
  Rendered websites/show.html.erb within layouts/application (2.0ms)
Completed 200 OK in 212ms (Views: 210.2ms | ActiveRecord: 0.3ms)


Started GET "/" for 127.0.0.1 at 2015-07-13 13:32:40 -0500
Processing by Rails::WelcomeController#index as HTML
  Rendered /Users/jacqueporter/.rvm/gems/ruby-2.2.1/gems/railties-4.2.1/lib/rails/templates/rails/welcome/index.html.erb (0.2ms)
Completed 200 OK in 47ms (Views: 46.8ms | ActiveRecord: 0.0ms)


Started GET "/websites" for 127.0.0.1 at 2015-07-13 13:32:46 -0500
Processing by WebsitesController#index as HTML
  [1m[36mWebsite Load (0.6ms)[0m  [1mSELECT "websites".* FROM "websites"[0m
  Rendered websites/index.html.erb within layouts/application (3.0ms)
Completed 200 OK in 213ms (Views: 211.6ms | ActiveRecord: 0.6ms)


Started GET "/" for 127.0.0.1 at 2015-07-13 13:32:47 -0500
Processing by Rails::WelcomeController#index as HTML
  Rendered /Users/jacqueporter/.rvm/gems/ruby-2.2.1/gems/railties-4.2.1/lib/rails/templates/rails/welcome/index.html.erb (0.9ms)
Completed 200 OK in 6ms (Views: 4.9ms | ActiveRecord: 0.0ms)


Started GET "/" for 127.0.0.1 at 2015-07-13 13:32:48 -0500
Processing by Rails::WelcomeController#index as HTML
  Rendered /Users/jacqueporter/.rvm/gems/ruby-2.2.1/gems/railties-4.2.1/lib/rails/templates/rails/welcome/index.html.erb (0.1ms)
Completed 200 OK in 4ms (Views: 3.1ms | ActiveRecord: 0.0ms)


Started GET "/" for 127.0.0.1 at 2015-07-13 13:37:15 -0500
Processing by WebsitesController#random as HTML
  [1m[35m (0.5ms)[0m  SELECT COUNT(*) FROM "websites"
  [1m[36mWebsite Load (26.5ms)[0m  [1mSELECT  "websites".* FROM "websites"  ORDER BY "websites"."id" ASC LIMIT 1 OFFSET 0[0m
  Rendered websites/random.html.erb within layouts/application (59.6ms)
Completed 200 OK in 260ms (Views: 227.5ms | ActiveRecord: 31.0ms)


Started GET "/" for 127.0.0.1 at 2015-07-13 13:45:49 -0500
Processing by WebsitesController#random as HTML
  [1m[35m (0.5ms)[0m  SELECT COUNT(*) FROM "websites"
  [1m[36mWebsite Load (0.5ms)[0m  [1mSELECT  "websites".* FROM "websites"  ORDER BY "websites"."id" ASC LIMIT 1 OFFSET 0[0m
  Rendered websites/random.html.erb within layouts/application (5.4ms)
Completed 200 OK in 213ms (Views: 211.5ms | ActiveRecord: 1.0ms)


Started GET "/" for 127.0.0.1 at 2015-07-13 13:45:51 -0500
Processing by WebsitesController#random as HTML
  [1m[35m (0.5ms)[0m  SELECT COUNT(*) FROM "websites"
  [1m[36mWebsite Load (0.5ms)[0m  [1mSELECT  "websites".* FROM "websites"  ORDER BY "websites"."id" ASC LIMIT 1 OFFSET 0[0m
  Rendered websites/random.html.erb within layouts/application (4.5ms)
Completed 200 OK in 196ms (Views: 194.8ms | ActiveRecord: 0.9ms)


Started GET "/" for 127.0.0.1 at 2015-07-13 13:52:49 -0500
Processing by WebsitesController#random as HTML
  [1m[35m (0.5ms)[0m  SELECT COUNT(*) FROM "websites"
  [1m[36mWebsite Load (0.5ms)[0m  [1mSELECT  "websites".* FROM "websites"  ORDER BY "websites"."id" ASC LIMIT 1 OFFSET 0[0m
  Rendered websites/random.html.erb within layouts/application (4.5ms)
Completed 200 OK in 213ms (Views: 210.8ms | ActiveRecord: 0.9ms)


Started GET "/" for 127.0.0.1 at 2015-07-13 13:52:51 -0500
Processing by WebsitesController#random as HTML
  [1m[35m (0.5ms)[0m  SELECT COUNT(*) FROM "websites"
  [1m[36mWebsite Load (0.5ms)[0m  [1mSELECT  "websites".* FROM "websites"  ORDER BY "websites"."id" ASC LIMIT 1 OFFSET 1[0m
  Rendered websites/random.html.erb within layouts/application (4.4ms)
Completed 200 OK in 222ms (Views: 219.7ms | ActiveRecord: 1.0ms)


Started GET "/" for 127.0.0.1 at 2015-07-13 13:52:52 -0500
Processing by WebsitesController#random as HTML
  [1m[35m (0.5ms)[0m  SELECT COUNT(*) FROM "websites"
  [1m[36mWebsite Load (0.5ms)[0m  [1mSELECT  "websites".* FROM "websites"  ORDER BY "websites"."id" ASC LIMIT 1 OFFSET 0[0m
  Rendered websites/random.html.erb within layouts/application (4.4ms)
Completed 200 OK in 205ms (Views: 203.7ms | ActiveRecord: 0.9ms)


Started GET "/" for 127.0.0.1 at 2015-07-13 13:52:53 -0500
Processing by WebsitesController#random as HTML
  [1m[35m (0.5ms)[0m  SELECT COUNT(*) FROM "websites"
  [1m[36mWebsite Load (0.5ms)[0m  [1mSELECT  "websites".* FROM "websites"  ORDER BY "websites"."id" ASC LIMIT 1 OFFSET 0[0m
  Rendered websites/random.html.erb within layouts/application (4.4ms)
Completed 200 OK in 214ms (Views: 211.8ms | ActiveRecord: 0.9ms)


Started GET "/" for 127.0.0.1 at 2015-07-13 13:52:54 -0500
Processing by WebsitesController#random as HTML
  [1m[35m (0.5ms)[0m  SELECT COUNT(*) FROM "websites"
  [1m[36mWebsite Load (0.5ms)[0m  [1mSELECT  "websites".* FROM "websites"  ORDER BY "websites"."id" ASC LIMIT 1 OFFSET 1[0m
  Rendered websites/random.html.erb within layouts/application (4.5ms)
Completed 200 OK in 197ms (Views: 195.4ms | ActiveRecord: 1.0ms)


Started GET "/" for 127.0.0.1 at 2015-07-13 13:52:54 -0500
Processing by WebsitesController#random as HTML
  [1m[35m (0.5ms)[0m  SELECT COUNT(*) FROM "websites"
  [1m[36mWebsite Load (0.5ms)[0m  [1mSELECT  "websites".* FROM "websites"  ORDER BY "websites"."id" ASC LIMIT 1 OFFSET 0[0m
  Rendered websites/random.html.erb within layouts/application (4.5ms)
Completed 200 OK in 221ms (Views: 218.8ms | ActiveRecord: 1.0ms)


Started GET "/" for 127.0.0.1 at 2015-07-13 13:52:57 -0500
Processing by WebsitesController#random as HTML
  [1m[35m (0.5ms)[0m  SELECT COUNT(*) FROM "websites"
  [1m[36mWebsite Load (0.5ms)[0m  [1mSELECT  "websites".* FROM "websites"  ORDER BY "websites"."id" ASC LIMIT 1 OFFSET 1[0m
  Rendered websites/random.html.erb within layouts/application (4.4ms)
Completed 200 OK in 206ms (Views: 203.9ms | ActiveRecord: 1.0ms)


Started GET "/" for 127.0.0.1 at 2015-07-13 13:56:21 -0500
Processing by WebsitesController#random as HTML
  [1m[35m (0.4ms)[0m  SELECT COUNT(*) FROM "websites"
  [1m[36mWebsite Load (0.5ms)[0m  [1mSELECT  "websites".* FROM "websites"  ORDER BY "websites"."id" ASC LIMIT 1 OFFSET 1[0m
  Rendered websites/random.html.erb within layouts/application (22.1ms)
Completed 200 OK in 8503ms (Views: 8498.7ms | ActiveRecord: 4.1ms)


Started GET "/assets/bootstrap_and_overrides.self-6a27025aaff626226c1435b70e4d7a4d0874752c3340a9cd15d33f6b90cd32bc.css?body=1" for 127.0.0.1 at 2015-07-13 13:56:29 -0500


Started GET "/websites/" for 127.0.0.1 at 2015-07-13 13:58:20 -0500
Processing by WebsitesController#index as HTML
  [1m[35mWebsite Load (2.1ms)[0m  SELECT "websites".* FROM "websites"
  Rendered websites/index.html.erb within layouts/application (7.8ms)
Completed 200 OK in 5753ms (Views: 5749.5ms | ActiveRecord: 2.1ms)


Started GET "/assets/bootstrap_and_overrides.self-52c04bd3ff6102204c5ca75a328301694a907e2cf72504f2a03bbf52ba01d1ea.css?body=1" for 127.0.0.1 at 2015-07-13 13:58:25 -0500


Started GET "/" for 127.0.0.1 at 2015-07-13 13:58:28 -0500
Processing by WebsitesController#random as HTML
  [1m[36m (0.5ms)[0m  [1mSELECT COUNT(*) FROM "websites"[0m
  [1m[35mWebsite Load (0.7ms)[0m  SELECT  "websites".* FROM "websites"  ORDER BY "websites"."id" ASC LIMIT 1 OFFSET 1
  Rendered websites/random.html.erb within layouts/application (6.8ms)
Completed 200 OK in 194ms (Views: 191.8ms | ActiveRecord: 1.2ms)


Started GET "/" for 127.0.0.1 at 2015-07-13 13:58:59 -0500
Processing by WebsitesController#random as HTML
  [1m[36m (0.6ms)[0m  [1mSELECT COUNT(*) FROM "websites"[0m
  [1m[35mWebsite Load (0.5ms)[0m  SELECT  "websites".* FROM "websites"  ORDER BY "websites"."id" ASC LIMIT 1 OFFSET 1
  Rendered websites/random.html.erb within layouts/application (4.5ms)
Completed 200 OK in 5826ms (Views: 5824.1ms | ActiveRecord: 1.2ms)


Started GET "/" for 127.0.0.1 at 2015-07-13 13:59:05 -0500
Processing by WebsitesController#random as HTML
  [1m[36m (0.6ms)[0m  [1mSELECT COUNT(*) FROM "websites"[0m
  [1m[35mWebsite Load (0.6ms)[0m  SELECT  "websites".* FROM "websites"  ORDER BY "websites"."id" ASC LIMIT 1 OFFSET 0
  Rendered websites/random.html.erb within layouts/application (8.4ms)
Completed 200 OK in 198ms (Views: 195.6ms | ActiveRecord: 1.2ms)


Started GET "/" for 127.0.0.1 at 2015-07-13 13:59:05 -0500
Processing by WebsitesController#random as HTML
  [1m[36m (0.5ms)[0m  [1mSELECT COUNT(*) FROM "websites"[0m
  [1m[35mWebsite Load (0.5ms)[0m  SELECT  "websites".* FROM "websites"  ORDER BY "websites"."id" ASC LIMIT 1 OFFSET 1
  Rendered websites/random.html.erb within layouts/application (4.5ms)
Completed 200 OK in 224ms (Views: 222.8ms | ActiveRecord: 0.9ms)


Started GET "/assets/bootstrap_and_overrides.self-26453638f42dca64be92fa36197982fd2ccdc3b85d8ba1d7f7b8e2da0d84b6cb.css?body=1" for 127.0.0.1 at 2015-07-13 13:59:05 -0500


Started GET "/" for 127.0.0.1 at 2015-07-13 13:59:47 -0500
Processing by WebsitesController#random as HTML
  [1m[36m (0.5ms)[0m  [1mSELECT COUNT(*) FROM "websites"[0m
  [1m[35mWebsite Load (0.5ms)[0m  SELECT  "websites".* FROM "websites"  ORDER BY "websites"."id" ASC LIMIT 1 OFFSET 0
  Rendered websites/random.html.erb within layouts/application (4.2ms)
Completed 200 OK in 5481ms (Views: 5480.1ms | ActiveRecord: 0.9ms)


Started GET "/assets/bootstrap_and_overrides.self-779686538c35f455d7d8877b704110b39f6af790c0b3d22d1b38c9ec3b0c063d.css?body=1" for 127.0.0.1 at 2015-07-13 13:59:52 -0500


Started GET "/" for 127.0.0.1 at 2015-07-13 14:00:11 -0500
Processing by WebsitesController#random as HTML
  [1m[36m (0.5ms)[0m  [1mSELECT COUNT(*) FROM "websites"[0m
  [1m[35mWebsite Load (0.5ms)[0m  SELECT  "websites".* FROM "websites"  ORDER BY "websites"."id" ASC LIMIT 1 OFFSET 0
  Rendered websites/random.html.erb within layouts/application (4.7ms)
Completed 200 OK in 5731ms (Views: 5729.9ms | ActiveRecord: 0.9ms)


Started GET "/assets/bootstrap_and_overrides.self-be8bcb223a4c9076f27249754b5938ddb44853a0d99f06e0156c8aaa94ed7007.css?body=1" for 127.0.0.1 at 2015-07-13 14:00:17 -0500


Started GET "/" for 127.0.0.1 at 2015-07-13 14:01:18 -0500
Processing by WebsitesController#random as HTML
  [1m[36m (0.5ms)[0m  [1mSELECT COUNT(*) FROM "websites"[0m
  [1m[35mWebsite Load (0.5ms)[0m  SELECT  "websites".* FROM "websites"  ORDER BY "websites"."id" ASC LIMIT 1 OFFSET 0
  Rendered websites/random.html.erb within layouts/application (4.8ms)
Completed 200 OK in 5592ms (Views: 5590.4ms | ActiveRecord: 1.0ms)


Started GET "/assets/bootstrap_and_overrides.self-6b9c950232e36794ee34f6b94095161761cc6fd7c6e7c0991fde845a729212bc.css?body=1" for 127.0.0.1 at 2015-07-13 14:01:23 -0500
  [1m[36mActiveRecord::SchemaMigration Load (0.7ms)[0m  [1mSELECT "schema_migrations".* FROM "schema_migrations"[0m
  [1m[35mActiveRecord::SchemaMigration Load (0.3ms)[0m  SELECT "schema_migrations".* FROM "schema_migrations"
  [1m[36m (6.6ms)[0m  [1mSELECT t2.oid::regclass::text AS to_table, a1.attname AS column, a2.attname AS primary_key, c.conname AS name, c.confupdtype AS on_update, c.confdeltype AS on_delete
FROM pg_constraint c
JOIN pg_class t1 ON c.conrelid = t1.oid
JOIN pg_class t2 ON c.confrelid = t2.oid
JOIN pg_attribute a1 ON a1.attnum = c.conkey[1] AND a1.attrelid = t1.oid
JOIN pg_attribute a2 ON a2.attnum = c.confkey[1] AND a2.attrelid = t2.oid
JOIN pg_namespace t3 ON c.connamespace = t3.oid
WHERE c.contype = 'f'
  AND t1.relname = 'websites'
  AND t3.nspname = ANY (current_schemas(false))
ORDER BY c.conname
[0m
  [1m[36mActiveRecord::SchemaMigration Load (0.7ms)[0m  [1mSELECT "schema_migrations".* FROM "schema_migrations"[0m
  [1m[35mActiveRecord::SchemaMigration Load (0.3ms)[0m  SELECT "schema_migrations".* FROM "schema_migrations"
  [1m[36m (6.5ms)[0m  [1mSELECT t2.oid::regclass::text AS to_table, a1.attname AS column, a2.attname AS primary_key, c.conname AS name, c.confupdtype AS on_update, c.confdeltype AS on_delete
FROM pg_constraint c
JOIN pg_class t1 ON c.conrelid = t1.oid
JOIN pg_class t2 ON c.confrelid = t2.oid
JOIN pg_attribute a1 ON a1.attnum = c.conkey[1] AND a1.attrelid = t1.oid
JOIN pg_attribute a2 ON a2.attnum = c.confkey[1] AND a2.attrelid = t2.oid
JOIN pg_namespace t3 ON c.connamespace = t3.oid
WHERE c.contype = 'f'
  AND t1.relname = 'websites'
  AND t3.nspname = ANY (current_schemas(false))
ORDER BY c.conname
[0m


Started GET "/" for 127.0.0.1 at 2015-07-13 16:12:18 -0500
  [1m[36mActiveRecord::SchemaMigration Load (0.7ms)[0m  [1mSELECT "schema_migrations".* FROM "schema_migrations"[0m
Processing by WebsitesController#random as HTML
  [1m[35m (0.7ms)[0m  SELECT COUNT(*) FROM "websites"
  [1m[36mWebsite Load (1.1ms)[0m  [1mSELECT  "websites".* FROM "websites"  ORDER BY "websites"."id" ASC LIMIT 1 OFFSET 1[0m
  Rendered websites/random.html.erb within layouts/application (30.5ms)
Completed 200 OK in 1177ms (Views: 1140.2ms | ActiveRecord: 7.3ms)
  [1m[36mSQL (49.7ms)[0m  [1mCREATE EXTENSION IF NOT EXISTS "plpgsql"[0m
  [1m[35m (143.9ms)[0m  DROP TABLE "websites" CASCADE
  [1m[36m (220.5ms)[0m  [1mCREATE TABLE "websites" ("id" serial primary key, "name" character varying, "description" character varying, "address" character varying, "sudo_address" character varying, "created_at" timestamp NOT NULL, "updated_at" timestamp NOT NULL, "image_file_name" character varying, "image_content_type" character varying, "image_file_size" integer, "image_updated_at" timestamp) [0m
  [1m[35m (0.6ms)[0m  SELECT version FROM "schema_migrations"
  [1m[36mSQL (33.2ms)[0m  [1mCREATE EXTENSION IF NOT EXISTS "plpgsql"[0m
  [1m[35m (169.1ms)[0m  CREATE TABLE "websites" ("id" serial primary key, "name" character varying, "description" character varying, "address" character varying, "sudo_address" character varying, "created_at" timestamp NOT NULL, "updated_at" timestamp NOT NULL, "image_file_name" character varying, "image_content_type" character varying, "image_file_size" integer, "image_updated_at" timestamp) 
  [1m[36m (9.6ms)[0m  [1mCREATE TABLE "schema_migrations" ("version" character varying NOT NULL) [0m
  [1m[35m (22.3ms)[0m  CREATE UNIQUE INDEX  "unique_schema_migrations" ON "schema_migrations"  ("version")
  [1m[36m (1.2ms)[0m  [1mSELECT version FROM "schema_migrations"[0m
  [1m[35m (1.1ms)[0m  INSERT INTO "schema_migrations" (version) VALUES ('20150713180406')
  [1m[36m (0.9ms)[0m  [1mINSERT INTO "schema_migrations" (version) VALUES ('20150713044532')[0m
  [1m[35mActiveRecord::SchemaMigration Load (0.6ms)[0m  SELECT "schema_migrations".* FROM "schema_migrations"
  [1m[36mActiveRecord::SchemaMigration Load (0.6ms)[0m  [1mSELECT "schema_migrations".* FROM "schema_migrations"[0m
  [1m[35mActiveRecord::SchemaMigration Load (0.3ms)[0m  SELECT "schema_migrations".* FROM "schema_migrations"
  [1m[36m (7.2ms)[0m  [1mSELECT t2.oid::regclass::text AS to_table, a1.attname AS column, a2.attname AS primary_key, c.conname AS name, c.confupdtype AS on_update, c.confdeltype AS on_delete
FROM pg_constraint c
JOIN pg_class t1 ON c.conrelid = t1.oid
JOIN pg_class t2 ON c.confrelid = t2.oid
JOIN pg_attribute a1 ON a1.attnum = c.conkey[1] AND a1.attrelid = t1.oid
JOIN pg_attribute a2 ON a2.attnum = c.confkey[1] AND a2.attrelid = t2.oid
JOIN pg_namespace t3 ON c.connamespace = t3.oid
WHERE c.contype = 'f'
  AND t1.relname = 'websites'
  AND t3.nspname = ANY (current_schemas(false))
ORDER BY c.conname
[0m
  [1m[36mActiveRecord::SchemaMigration Load (38.3ms)[0m  [1mSELECT "schema_migrations".* FROM "schema_migrations"[0m
  [1m[35mActiveRecord::SchemaMigration Load (0.3ms)[0m  SELECT "schema_migrations".* FROM "schema_migrations"
  [1m[36m (8.0ms)[0m  [1mSELECT t2.oid::regclass::text AS to_table, a1.attname AS column, a2.attname AS primary_key, c.conname AS name, c.confupdtype AS on_update, c.confdeltype AS on_delete
FROM pg_constraint c
JOIN pg_class t1 ON c.conrelid = t1.oid
JOIN pg_class t2 ON c.confrelid = t2.oid
JOIN pg_attribute a1 ON a1.attnum = c.conkey[1] AND a1.attrelid = t1.oid
JOIN pg_attribute a2 ON a2.attnum = c.confkey[1] AND a2.attrelid = t2.oid
JOIN pg_namespace t3 ON c.connamespace = t3.oid
WHERE c.contype = 'f'
  AND t1.relname = 'websites'
  AND t3.nspname = ANY (current_schemas(false))
ORDER BY c.conname
[0m
  [1m[36mActiveRecord::SchemaMigration Load (0.7ms)[0m  [1mSELECT "schema_migrations".* FROM "schema_migrations"[0m
  [1m[35mActiveRecord::SchemaMigration Load (0.3ms)[0m  SELECT "schema_migrations".* FROM "schema_migrations"
  [1m[36m (6.5ms)[0m  [1mSELECT t2.oid::regclass::text AS to_table, a1.attname AS column, a2.attname AS primary_key, c.conname AS name, c.confupdtype AS on_update, c.confdeltype AS on_delete
FROM pg_constraint c
JOIN pg_class t1 ON c.conrelid = t1.oid
JOIN pg_class t2 ON c.confrelid = t2.oid
JOIN pg_attribute a1 ON a1.attnum = c.conkey[1] AND a1.attrelid = t1.oid
JOIN pg_attribute a2 ON a2.attnum = c.confkey[1] AND a2.attrelid = t2.oid
JOIN pg_namespace t3 ON c.connamespace = t3.oid
WHERE c.contype = 'f'
  AND t1.relname = 'websites'
  AND t3.nspname = ANY (current_schemas(false))
ORDER BY c.conname
[0m


Started GET "/project/LCGKYereMwqLSpNR6" for 127.0.0.1 at 2015-07-16 18:25:54 -0500
  [1m[36mActiveRecord::SchemaMigration Load (0.8ms)[0m  [1mSELECT "schema_migrations".* FROM "schema_migrations"[0m

ActionController::RoutingError (No route matches [GET] "/project/LCGKYereMwqLSpNR6"):
  actionpack (4.2.1) lib/action_dispatch/middleware/debug_exceptions.rb:21:in `call'
  web-console (2.2.1) lib/web_console/middleware.rb:39:in `call'
  actionpack (4.2.1) lib/action_dispatch/middleware/show_exceptions.rb:30:in `call'
  railties (4.2.1) lib/rails/rack/logger.rb:38:in `call_app'
  railties (4.2.1) lib/rails/rack/logger.rb:20:in `block in call'
  activesupport (4.2.1) lib/active_support/tagged_logging.rb:68:in `block in tagged'
  activesupport (4.2.1) lib/active_support/tagged_logging.rb:26:in `tagged'
  activesupport (4.2.1) lib/active_support/tagged_logging.rb:68:in `tagged'
  railties (4.2.1) lib/rails/rack/logger.rb:20:in `call'
  actionpack (4.2.1) lib/action_dispatch/middleware/request_id.rb:21:in `call'
  rack (1.6.4) lib/rack/methodoverride.rb:22:in `call'
  rack (1.6.4) lib/rack/runtime.rb:18:in `call'
  activesupport (4.2.1) lib/active_support/cache/strategy/local_cache_middleware.rb:28:in `call'
  rack (1.6.4) lib/rack/lock.rb:17:in `call'
  actionpack (4.2.1) lib/action_dispatch/middleware/static.rb:113:in `call'
  rack (1.6.4) lib/rack/sendfile.rb:113:in `call'
  railties (4.2.1) lib/rails/engine.rb:518:in `call'
  railties (4.2.1) lib/rails/application.rb:164:in `call'
  rack (1.6.4) lib/rack/content_length.rb:15:in `call'
  thin (1.6.3) lib/thin/connection.rb:86:in `block in pre_process'
  thin (1.6.3) lib/thin/connection.rb:84:in `catch'
  thin (1.6.3) lib/thin/connection.rb:84:in `pre_process'
  thin (1.6.3) lib/thin/connection.rb:53:in `process'
  thin (1.6.3) lib/thin/connection.rb:39:in `receive_data'
  eventmachine (1.0.7) lib/eventmachine.rb:187:in `run_machine'
  eventmachine (1.0.7) lib/eventmachine.rb:187:in `run'
  thin (1.6.3) lib/thin/backends/base.rb:73:in `start'
  thin (1.6.3) lib/thin/server.rb:162:in `start'
  rack (1.6.4) lib/rack/handler/thin.rb:19:in `run'
  rack (1.6.4) lib/rack/server.rb:286:in `start'
  railties (4.2.1) lib/rails/commands/server.rb:80:in `start'
  railties (4.2.1) lib/rails/commands/commands_tasks.rb:80:in `block in server'
  railties (4.2.1) lib/rails/commands/commands_tasks.rb:75:in `tap'
  railties (4.2.1) lib/rails/commands/commands_tasks.rb:75:in `server'
  railties (4.2.1) lib/rails/commands/commands_tasks.rb:39:in `run_command!'
  railties (4.2.1) lib/rails/commands.rb:17:in `<top (required)>'
  bin/rails:8:in `require'
  bin/rails:8:in `<top (required)>'
  spring (1.3.6) lib/spring/client/rails.rb:28:in `load'
  spring (1.3.6) lib/spring/client/rails.rb:28:in `call'
  spring (1.3.6) lib/spring/client/command.rb:7:in `call'
  spring (1.3.6) lib/spring/client.rb:26:in `run'
  spring (1.3.6) bin/spring:48:in `<top (required)>'
  spring (1.3.6) lib/spring/binstub.rb:11:in `load'
  spring (1.3.6) lib/spring/binstub.rb:11:in `<top (required)>'
  bin/spring:13:in `require'
  bin/spring:13:in `<top (required)>'
  bin/rails:3:in `load'
  bin/rails:3:in `<main>'


  Rendered /Users/jacqueporter/.rvm/gems/ruby-2.2.1/gems/actionpack-4.2.1/lib/action_dispatch/middleware/templates/rescues/_trace.html.erb (2.9ms)
  Rendered /Users/jacqueporter/.rvm/gems/ruby-2.2.1/gems/actionpack-4.2.1/lib/action_dispatch/middleware/templates/routes/_route.html.erb (1.7ms)
  Rendered /Users/jacqueporter/.rvm/gems/ruby-2.2.1/gems/actionpack-4.2.1/lib/action_dispatch/middleware/templates/routes/_table.html.erb (103.0ms)
  Rendered /Users/jacqueporter/.rvm/gems/ruby-2.2.1/gems/actionpack-4.2.1/lib/action_dispatch/middleware/templates/rescues/_request_and_response.html.erb (53.1ms)
  Rendered /Users/jacqueporter/.rvm/gems/ruby-2.2.1/gems/actionpack-4.2.1/lib/action_dispatch/middleware/templates/rescues/routing_error.html.erb within rescues/layout (312.3ms)
  Rendered /Users/jacqueporter/.rvm/gems/ruby-2.2.1/gems/web-console-2.2.1/lib/web_console/templates/_markup.html.erb (0.6ms)
  Rendered /Users/jacqueporter/.rvm/gems/ruby-2.2.1/gems/web-console-2.2.1/lib/web_console/templates/_inner_console_markup.html.erb within layouts/inlined_string (0.5ms)
  Rendered /Users/jacqueporter/.rvm/gems/ruby-2.2.1/gems/web-console-2.2.1/lib/web_console/templates/_prompt_box_markup.html.erb within layouts/inlined_string (0.5ms)
  Rendered /Users/jacqueporter/.rvm/gems/ruby-2.2.1/gems/web-console-2.2.1/lib/web_console/templates/style.css.erb within layouts/inlined_string (0.5ms)
  Rendered /Users/jacqueporter/.rvm/gems/ruby-2.2.1/gems/web-console-2.2.1/lib/web_console/templates/console.js.erb within layouts/javascript (86.9ms)
  Rendered /Users/jacqueporter/.rvm/gems/ruby-2.2.1/gems/web-console-2.2.1/lib/web_console/templates/main.js.erb within layouts/javascript (0.5ms)
  Rendered /Users/jacqueporter/.rvm/gems/ruby-2.2.1/gems/web-console-2.2.1/lib/web_console/templates/error_page.js.erb within layouts/javascript (0.6ms)
  Rendered /Users/jacqueporter/.rvm/gems/ruby-2.2.1/gems/web-console-2.2.1/lib/web_console/templates/index.html.erb (204.9ms)


Started GET "/" for 127.0.0.1 at 2015-07-16 18:26:11 -0500
Processing by WebsitesController#random as HTML
  [1m[35m (33.1ms)[0m  SELECT COUNT(*) FROM "websites"
  [1m[36mWebsite Load (44.3ms)[0m  [1mSELECT  "websites".* FROM "websites"  ORDER BY "websites"."id" ASC LIMIT 1 OFFSET 0[0m
  Rendered websites/random.html.erb within layouts/application (112.0ms)
Completed 500 Internal Server Error in 131ms (ActiveRecord: 84.3ms)

ActionView::Template::Error (undefined method `name' for nil:NilClass):
    1: <% @website = Website.offset(rand(Website.count)).first %>
    2: 
    3: <h1><%= @website.name %></h1>
    4: <%= image_tag( @website.image.url, :class => "img-responsive" ) %>
    5: <%= link_to @website.sudo_address, @website.address %>
    6: <p><%= @website.description %></p>
  app/views/websites/random.html.erb:3:in `_app_views_websites_random_html_erb__4135220613571877072_70120567212420'


  Rendered /Users/jacqueporter/.rvm/gems/ruby-2.2.1/gems/actionpack-4.2.1/lib/action_dispatch/middleware/templates/rescues/_source.erb (12.6ms)
  Rendered /Users/jacqueporter/.rvm/gems/ruby-2.2.1/gems/actionpack-4.2.1/lib/action_dispatch/middleware/templates/rescues/_trace.html.erb (5.0ms)
  Rendered /Users/jacqueporter/.rvm/gems/ruby-2.2.1/gems/actionpack-4.2.1/lib/action_dispatch/middleware/templates/rescues/_request_and_response.html.erb (1.3ms)
  Rendered /Users/jacqueporter/.rvm/gems/ruby-2.2.1/gems/actionpack-4.2.1/lib/action_dispatch/middleware/templates/rescues/template_error.html.erb within rescues/layout (105.2ms)
  Rendered /Users/jacqueporter/.rvm/gems/ruby-2.2.1/gems/web-console-2.2.1/lib/web_console/templates/_markup.html.erb (0.6ms)
  Rendered /Users/jacqueporter/.rvm/gems/ruby-2.2.1/gems/web-console-2.2.1/lib/web_console/templates/_inner_console_markup.html.erb within layouts/inlined_string (0.5ms)
  Rendered /Users/jacqueporter/.rvm/gems/ruby-2.2.1/gems/web-console-2.2.1/lib/web_console/templates/_prompt_box_markup.html.erb within layouts/inlined_string (0.6ms)
  Rendered /Users/jacqueporter/.rvm/gems/ruby-2.2.1/gems/web-console-2.2.1/lib/web_console/templates/style.css.erb within layouts/inlined_string (0.6ms)
  Rendered /Users/jacqueporter/.rvm/gems/ruby-2.2.1/gems/web-console-2.2.1/lib/web_console/templates/console.js.erb within layouts/javascript (77.5ms)
  Rendered /Users/jacqueporter/.rvm/gems/ruby-2.2.1/gems/web-console-2.2.1/lib/web_console/templates/main.js.erb within layouts/javascript (0.5ms)
  Rendered /Users/jacqueporter/.rvm/gems/ruby-2.2.1/gems/web-console-2.2.1/lib/web_console/templates/error_page.js.erb within layouts/javascript (0.6ms)
  Rendered /Users/jacqueporter/.rvm/gems/ruby-2.2.1/gems/web-console-2.2.1/lib/web_console/templates/index.html.erb (171.3ms)
  [1m[36mActiveRecord::SchemaMigration Load (1.1ms)[0m  [1mSELECT "schema_migrations".* FROM "schema_migrations"[0m
  [1m[35mActiveRecord::SchemaMigration Load (0.3ms)[0m  SELECT "schema_migrations".* FROM "schema_migrations"
  [1m[36m (6.6ms)[0m  [1mSELECT t2.oid::regclass::text AS to_table, a1.attname AS column, a2.attname AS primary_key, c.conname AS name, c.confupdtype AS on_update, c.confdeltype AS on_delete
FROM pg_constraint c
JOIN pg_class t1 ON c.conrelid = t1.oid
JOIN pg_class t2 ON c.confrelid = t2.oid
JOIN pg_attribute a1 ON a1.attnum = c.conkey[1] AND a1.attrelid = t1.oid
JOIN pg_attribute a2 ON a2.attnum = c.confkey[1] AND a2.attrelid = t2.oid
JOIN pg_namespace t3 ON c.connamespace = t3.oid
WHERE c.contype = 'f'
  AND t1.relname = 'websites'
  AND t3.nspname = ANY (current_schemas(false))
ORDER BY c.conname
[0m
  [1m[36mActiveRecord::SchemaMigration Load (0.9ms)[0m  [1mSELECT "schema_migrations".* FROM "schema_migrations"[0m
Migrating to AddImageUrlToWebsites (20150717001212)
  [1m[35m (20.1ms)[0m  BEGIN
  [1m[36m (230.0ms)[0m  [1mALTER TABLE "websites" ADD "url" character varying[0m
  [1m[35mSQL (47.2ms)[0m  INSERT INTO "schema_migrations" ("version") VALUES ($1)  [["version", "20150717001212"]]
  [1m[36m (37.8ms)[0m  [1mCOMMIT[0m
  [1m[35mActiveRecord::SchemaMigration Load (0.3ms)[0m  SELECT "schema_migrations".* FROM "schema_migrations"
  [1m[36m (6.8ms)[0m  [1mSELECT t2.oid::regclass::text AS to_table, a1.attname AS column, a2.attname AS primary_key, c.conname AS name, c.confupdtype AS on_update, c.confdeltype AS on_delete
FROM pg_constraint c
JOIN pg_class t1 ON c.conrelid = t1.oid
JOIN pg_class t2 ON c.confrelid = t2.oid
JOIN pg_attribute a1 ON a1.attnum = c.conkey[1] AND a1.attrelid = t1.oid
JOIN pg_attribute a2 ON a2.attnum = c.confkey[1] AND a2.attrelid = t2.oid
JOIN pg_namespace t3 ON c.connamespace = t3.oid
WHERE c.contype = 'f'
  AND t1.relname = 'websites'
  AND t3.nspname = ANY (current_schemas(false))
ORDER BY c.conname
[0m
  [1m[36mActiveRecord::SchemaMigration Load (0.7ms)[0m  [1mSELECT "schema_migrations".* FROM "schema_migrations"[0m
  [1m[35mActiveRecord::SchemaMigration Load (0.4ms)[0m  SELECT "schema_migrations".* FROM "schema_migrations"
  [1m[36m (8.1ms)[0m  [1mSELECT t2.oid::regclass::text AS to_table, a1.attname AS column, a2.attname AS primary_key, c.conname AS name, c.confupdtype AS on_update, c.confdeltype AS on_delete
FROM pg_constraint c
JOIN pg_class t1 ON c.conrelid = t1.oid
JOIN pg_class t2 ON c.confrelid = t2.oid
JOIN pg_attribute a1 ON a1.attnum = c.conkey[1] AND a1.attrelid = t1.oid
JOIN pg_attribute a2 ON a2.attnum = c.confkey[1] AND a2.attrelid = t2.oid
JOIN pg_namespace t3 ON c.connamespace = t3.oid
WHERE c.contype = 'f'
  AND t1.relname = 'websites'
  AND t3.nspname = ANY (current_schemas(false))
ORDER BY c.conname
[0m
  [1m[36mActiveRecord::SchemaMigration Load (0.8ms)[0m  [1mSELECT "schema_migrations".* FROM "schema_migrations"[0m
  [1m[35mActiveRecord::SchemaMigration Load (0.3ms)[0m  SELECT "schema_migrations".* FROM "schema_migrations"
  [1m[36m (6.9ms)[0m  [1mSELECT t2.oid::regclass::text AS to_table, a1.attname AS column, a2.attname AS primary_key, c.conname AS name, c.confupdtype AS on_update, c.confdeltype AS on_delete
FROM pg_constraint c
JOIN pg_class t1 ON c.conrelid = t1.oid
JOIN pg_class t2 ON c.confrelid = t2.oid
JOIN pg_attribute a1 ON a1.attnum = c.conkey[1] AND a1.attrelid = t1.oid
JOIN pg_attribute a2 ON a2.attnum = c.confkey[1] AND a2.attrelid = t2.oid
JOIN pg_namespace t3 ON c.connamespace = t3.oid
WHERE c.contype = 'f'
  AND t1.relname = 'websites'
  AND t3.nspname = ANY (current_schemas(false))
ORDER BY c.conname
[0m
  [1m[36mActiveRecord::SchemaMigration Load (0.7ms)[0m  [1mSELECT "schema_migrations".* FROM "schema_migrations"[0m
  [1m[35mActiveRecord::SchemaMigration Load (0.3ms)[0m  SELECT "schema_migrations".* FROM "schema_migrations"
  [1m[36m (7.0ms)[0m  [1mSELECT t2.oid::regclass::text AS to_table, a1.attname AS column, a2.attname AS primary_key, c.conname AS name, c.confupdtype AS on_update, c.confdeltype AS on_delete
FROM pg_constraint c
JOIN pg_class t1 ON c.conrelid = t1.oid
JOIN pg_class t2 ON c.confrelid = t2.oid
JOIN pg_attribute a1 ON a1.attnum = c.conkey[1] AND a1.attrelid = t1.oid
JOIN pg_attribute a2 ON a2.attnum = c.confkey[1] AND a2.attrelid = t2.oid
JOIN pg_namespace t3 ON c.connamespace = t3.oid
WHERE c.contype = 'f'
  AND t1.relname = 'websites'
  AND t3.nspname = ANY (current_schemas(false))
ORDER BY c.conname
[0m
  [1m[36mActiveRecord::SchemaMigration Load (0.7ms)[0m  [1mSELECT "schema_migrations".* FROM "schema_migrations"[0m
  [1m[35mActiveRecord::SchemaMigration Load (0.3ms)[0m  SELECT "schema_migrations".* FROM "schema_migrations"
  [1m[36m (6.8ms)[0m  [1mSELECT t2.oid::regclass::text AS to_table, a1.attname AS column, a2.attname AS primary_key, c.conname AS name, c.confupdtype AS on_update, c.confdeltype AS on_delete
FROM pg_constraint c
JOIN pg_class t1 ON c.conrelid = t1.oid
JOIN pg_class t2 ON c.confrelid = t2.oid
JOIN pg_attribute a1 ON a1.attnum = c.conkey[1] AND a1.attrelid = t1.oid
JOIN pg_attribute a2 ON a2.attnum = c.confkey[1] AND a2.attrelid = t2.oid
JOIN pg_namespace t3 ON c.connamespace = t3.oid
WHERE c.contype = 'f'
  AND t1.relname = 'websites'
  AND t3.nspname = ANY (current_schemas(false))
ORDER BY c.conname
[0m
  [1m[36mActiveRecord::SchemaMigration Load (0.6ms)[0m  [1mSELECT "schema_migrations".* FROM "schema_migrations"[0m
  [1m[35mActiveRecord::SchemaMigration Load (0.3ms)[0m  SELECT "schema_migrations".* FROM "schema_migrations"
  [1m[36m (8.0ms)[0m  [1mSELECT t2.oid::regclass::text AS to_table, a1.attname AS column, a2.attname AS primary_key, c.conname AS name, c.confupdtype AS on_update, c.confdeltype AS on_delete
FROM pg_constraint c
JOIN pg_class t1 ON c.conrelid = t1.oid
JOIN pg_class t2 ON c.confrelid = t2.oid
JOIN pg_attribute a1 ON a1.attnum = c.conkey[1] AND a1.attrelid = t1.oid
JOIN pg_attribute a2 ON a2.attnum = c.confkey[1] AND a2.attrelid = t2.oid
JOIN pg_namespace t3 ON c.connamespace = t3.oid
WHERE c.contype = 'f'
  AND t1.relname = 'websites'
  AND t3.nspname = ANY (current_schemas(false))
ORDER BY c.conname
[0m
  [1m[36mActiveRecord::SchemaMigration Load (1.4ms)[0m  [1mSELECT "schema_migrations".* FROM "schema_migrations"[0m
Migrating to DeviseCreateUsers (20150717194814)
  [1m[35m (16.9ms)[0m  BEGIN
  [1m[36m (370.2ms)[0m  [1mCREATE TABLE "users" ("id" serial primary key, "email" character varying DEFAULT '' NOT NULL, "encrypted_password" character varying DEFAULT '' NOT NULL, "reset_password_token" character varying, "reset_password_sent_at" timestamp, "remember_created_at" timestamp, "sign_in_count" integer DEFAULT 0 NOT NULL, "current_sign_in_at" timestamp, "last_sign_in_at" timestamp, "current_sign_in_ip" inet, "last_sign_in_ip" inet, "created_at" timestamp NOT NULL, "updated_at" timestamp NOT NULL) [0m
  [1m[35m (2.1ms)[0m  CREATE UNIQUE INDEX  "index_users_on_email" ON "users"  ("email")
  [1m[36m (1.9ms)[0m  [1mCREATE UNIQUE INDEX  "index_users_on_reset_password_token" ON "users"  ("reset_password_token")[0m
  [1m[35mSQL (21.0ms)[0m  INSERT INTO "schema_migrations" ("version") VALUES ($1)  [["version", "20150717194814"]]
  [1m[36m (46.2ms)[0m  [1mCOMMIT[0m
  [1m[35mActiveRecord::SchemaMigration Load (0.4ms)[0m  SELECT "schema_migrations".* FROM "schema_migrations"
  [1m[36m (9.6ms)[0m  [1mSELECT t2.oid::regclass::text AS to_table, a1.attname AS column, a2.attname AS primary_key, c.conname AS name, c.confupdtype AS on_update, c.confdeltype AS on_delete
FROM pg_constraint c
JOIN pg_class t1 ON c.conrelid = t1.oid
JOIN pg_class t2 ON c.confrelid = t2.oid
JOIN pg_attribute a1 ON a1.attnum = c.conkey[1] AND a1.attrelid = t1.oid
JOIN pg_attribute a2 ON a2.attnum = c.confkey[1] AND a2.attrelid = t2.oid
JOIN pg_namespace t3 ON c.connamespace = t3.oid
WHERE c.contype = 'f'
  AND t1.relname = 'users'
  AND t3.nspname = ANY (current_schemas(false))
ORDER BY c.conname
[0m
  [1m[35m (6.7ms)[0m  SELECT t2.oid::regclass::text AS to_table, a1.attname AS column, a2.attname AS primary_key, c.conname AS name, c.confupdtype AS on_update, c.confdeltype AS on_delete
FROM pg_constraint c
JOIN pg_class t1 ON c.conrelid = t1.oid
JOIN pg_class t2 ON c.confrelid = t2.oid
JOIN pg_attribute a1 ON a1.attnum = c.conkey[1] AND a1.attrelid = t1.oid
JOIN pg_attribute a2 ON a2.attnum = c.confkey[1] AND a2.attrelid = t2.oid
JOIN pg_namespace t3 ON c.connamespace = t3.oid
WHERE c.contype = 'f'
  AND t1.relname = 'websites'
  AND t3.nspname = ANY (current_schemas(false))
ORDER BY c.conname



Started GET "/" for 127.0.0.1 at 2015-07-25 23:57:27 -0500
  [1m[36mActiveRecord::SchemaMigration Load (1.1ms)[0m  [1mSELECT "schema_migrations".* FROM "schema_migrations"[0m
Processing by WebsitesController#random as HTML
  [1m[35m (1.1ms)[0m  SELECT COUNT(*) FROM "websites"
  [1m[36mWebsite Load (1.1ms)[0m  [1mSELECT  "websites".* FROM "websites"  ORDER BY "websites"."id" ASC LIMIT 1 OFFSET 0[0m
  Rendered websites/random.html.erb within layouts/application (172.2ms)
Completed 500 Internal Server Error in 307ms (ActiveRecord: 53.7ms)

ActionView::Template::Error (undefined method `sudo_address' for nil:NilClass):
    1: <% @website = Website.offset(rand(Website.count)).first %>
    2: 
    3: <h1><%= link_to @website.sudo_address, @website.address %></h1>
    4: <%= image_tag( @website.url, :class => "img-responsive" ) %>
    5: </br>
    6: <p class="description"><%= @website.description %></p>
  app/views/websites/random.html.erb:3:in `_app_views_websites_random_html_erb___4018702791309654422_70295510354760'


  Rendered /Users/jacqueporter/.rvm/gems/ruby-2.2.1/gems/actionpack-4.2.1/lib/action_dispatch/middleware/templates/rescues/_source.erb (14.1ms)
  Rendered /Users/jacqueporter/.rvm/gems/ruby-2.2.1/gems/actionpack-4.2.1/lib/action_dispatch/middleware/templates/rescues/_trace.html.erb (5.2ms)
  Rendered /Users/jacqueporter/.rvm/gems/ruby-2.2.1/gems/actionpack-4.2.1/lib/action_dispatch/middleware/templates/rescues/_request_and_response.html.erb (1.5ms)
  Rendered /Users/jacqueporter/.rvm/gems/ruby-2.2.1/gems/actionpack-4.2.1/lib/action_dispatch/middleware/templates/rescues/template_error.html.erb within rescues/layout (168.0ms)
  Rendered /Users/jacqueporter/.rvm/gems/ruby-2.2.1/gems/web-console-2.2.1/lib/web_console/templates/_markup.html.erb (0.7ms)
  Rendered /Users/jacqueporter/.rvm/gems/ruby-2.2.1/gems/web-console-2.2.1/lib/web_console/templates/_inner_console_markup.html.erb within layouts/inlined_string (0.6ms)
  Rendered /Users/jacqueporter/.rvm/gems/ruby-2.2.1/gems/web-console-2.2.1/lib/web_console/templates/_prompt_box_markup.html.erb within layouts/inlined_string (0.6ms)
  Rendered /Users/jacqueporter/.rvm/gems/ruby-2.2.1/gems/web-console-2.2.1/lib/web_console/templates/style.css.erb within layouts/inlined_string (0.5ms)
  Rendered /Users/jacqueporter/.rvm/gems/ruby-2.2.1/gems/web-console-2.2.1/lib/web_console/templates/console.js.erb within layouts/javascript (113.3ms)
  Rendered /Users/jacqueporter/.rvm/gems/ruby-2.2.1/gems/web-console-2.2.1/lib/web_console/templates/main.js.erb within layouts/javascript (0.5ms)
  Rendered /Users/jacqueporter/.rvm/gems/ruby-2.2.1/gems/web-console-2.2.1/lib/web_console/templates/error_page.js.erb within layouts/javascript (0.7ms)
  Rendered /Users/jacqueporter/.rvm/gems/ruby-2.2.1/gems/web-console-2.2.1/lib/web_console/templates/index.html.erb (279.1ms)
